Performing C SOURCE FILE Test CMAKE_HAVE_LIBC_PTHREAD failed with the following output:
Change Dir: /home/vision/NVIDIA_Jetson_Inference/digital_heritage_project_demo_SLAM/ORB_SLAM3/build/CMakeFiles/CMakeTmp

Run Build Command(s):/usr/bin/make cmTC_c2a9f/fast && /usr/bin/make -f CMakeFiles/cmTC_c2a9f.dir/build.make CMakeFiles/cmTC_c2a9f.dir/build
make[1]: Entering directory '/home/vision/NVIDIA_Jetson_Inference/digital_heritage_project_demo_SLAM/ORB_SLAM3/build/CMakeFiles/CMakeTmp'
/usr/bin/cmake: /usr/local/lib/libcurl.so.4: no version information available (required by /usr/bin/cmake)
Building C object CMakeFiles/cmTC_c2a9f.dir/src.c.o
/usr/bin/cc   -fPIC -DCMAKE_HAVE_LIBC_PTHREAD   -o CMakeFiles/cmTC_c2a9f.dir/src.c.o   -c /home/vision/NVIDIA_Jetson_Inference/digital_heritage_project_demo_SLAM/ORB_SLAM3/build/CMakeFiles/CMakeTmp/src.c
/usr/bin/cmake: /usr/local/lib/libcurl.so.4: no version information available (required by /usr/bin/cmake)
Linking C executable cmTC_c2a9f
/usr/bin/cmake -E cmake_link_script CMakeFiles/cmTC_c2a9f.dir/link.txt --verbose=1
/usr/bin/cmake: /usr/local/lib/libcurl.so.4: no version information available (required by /usr/bin/cmake)
/usr/bin/cc -fPIC -DCMAKE_HAVE_LIBC_PTHREAD    -rdynamic CMakeFiles/cmTC_c2a9f.dir/src.c.o  -o cmTC_c2a9f 
/usr/bin/ld: CMakeFiles/cmTC_c2a9f.dir/src.c.o: in function `main':
src.c:(.text+0x48): undefined reference to `pthread_create'
/usr/bin/ld: src.c:(.text+0x50): undefined reference to `pthread_detach'
/usr/bin/ld: src.c:(.text+0x5c): undefined reference to `pthread_join'
collect2: error: ld returned 1 exit status
make[1]: *** [CMakeFiles/cmTC_c2a9f.dir/build.make:87: cmTC_c2a9f] Error 1
make[1]: Leaving directory '/home/vision/NVIDIA_Jetson_Inference/digital_heritage_project_demo_SLAM/ORB_SLAM3/build/CMakeFiles/CMakeTmp'
make: *** [Makefile:121: cmTC_c2a9f/fast] Error 2


Source file was:
#include <pthread.h>

void* test_func(void* data)
{
  return data;
}

int main(void)
{
  pthread_t thread;
  pthread_create(&thread, NULL, test_func, NULL);
  pthread_detach(thread);
  pthread_join(thread, NULL);
  pthread_atfork(NULL, NULL, NULL);
  pthread_exit(NULL);

  return 0;
}

Determining if the function pthread_create exists in the pthreads failed with the following output:
Change Dir: /home/vision/NVIDIA_Jetson_Inference/digital_heritage_project_demo_SLAM/ORB_SLAM3/build/CMakeFiles/CMakeTmp

Run Build Command(s):/usr/bin/make cmTC_4ff79/fast && /usr/bin/make -f CMakeFiles/cmTC_4ff79.dir/build.make CMakeFiles/cmTC_4ff79.dir/build
make[1]: Entering directory '/home/vision/NVIDIA_Jetson_Inference/digital_heritage_project_demo_SLAM/ORB_SLAM3/build/CMakeFiles/CMakeTmp'
/usr/bin/cmake: /usr/local/lib/libcurl.so.4: no version information available (required by /usr/bin/cmake)
Building C object CMakeFiles/cmTC_4ff79.dir/CheckFunctionExists.c.o
/usr/bin/cc   -fPIC -DCHECK_FUNCTION_EXISTS=pthread_create   -o CMakeFiles/cmTC_4ff79.dir/CheckFunctionExists.c.o   -c /usr/share/cmake-3.16/Modules/CheckFunctionExists.c
/usr/bin/cmake: /usr/local/lib/libcurl.so.4: no version information available (required by /usr/bin/cmake)
Linking C executable cmTC_4ff79
/usr/bin/cmake -E cmake_link_script CMakeFiles/cmTC_4ff79.dir/link.txt --verbose=1
/usr/bin/cmake: /usr/local/lib/libcurl.so.4: no version information available (required by /usr/bin/cmake)
/usr/bin/cc -fPIC -DCHECK_FUNCTION_EXISTS=pthread_create    -rdynamic CMakeFiles/cmTC_4ff79.dir/CheckFunctionExists.c.o  -o cmTC_4ff79  -lpthreads 
/usr/bin/ld: cannot find -lpthreads
collect2: error: ld returned 1 exit status
make[1]: *** [CMakeFiles/cmTC_4ff79.dir/build.make:87: cmTC_4ff79] Error 1
make[1]: Leaving directory '/home/vision/NVIDIA_Jetson_Inference/digital_heritage_project_demo_SLAM/ORB_SLAM3/build/CMakeFiles/CMakeTmp'
make: *** [Makefile:121: cmTC_4ff79/fast] Error 2



